20180821 155143 [EXCEPTION] http://apiv2.yangkeduo.com/operation/14/groups?opt_type=1&size=1&offset=2&flip=&pdduid=0 reason: User timeout caused connection failure: Getting http://apiv2.yangkeduo.com/operation/14/groups?opt_type=1&size=1&offset=2&flip=&pdduid=0 took longer than 15.0 seconds.. 
20180821 160319 [EXCEPTION] http://apiv3.yangkeduo.com/operation/307/groups?opt_type=2&size=1&offset=2&flip=&pdduid=0 reason: User timeout caused connection failure: Getting http://apiv3.yangkeduo.com/operation/307/groups?opt_type=2&size=1&offset=2&flip=&pdduid=0 took longer than 15.0 seconds.. 
20180821 161505 [EXCEPTION] http://apiv2.yangkeduo.com/operation/307/groups?opt_type=2&size=1&offset=2&flip=&pdduid=0 reason: User timeout caused connection failure: Getting http://apiv2.yangkeduo.com/operation/307/groups?opt_type=2&size=1&offset=2&flip=&pdduid=0 took longer than 15.0 seconds.. 
20180821 172823 [EXCEPTION] http://apiv2.yangkeduo.com/operation/1/groups?opt_type=1&size=1&offset=2&flip=&pdduid=0 reason: TCP connection timed out: 60: Operation timed out. 
20180821 172852 [EXCEPTION] http://apiv3.yangkeduo.com/operation/1451/groups?opt_type=1&size=1&offset=2&flip=&pdduid=0 reason: TCP connection timed out: 60: Operation timed out. 
20180821 173045 [EXCEPTION] http://apiv2.yangkeduo.com/operation/1294/groups?opt_type=2&size=1&offset=2&flip=&pdduid=0 reason: User timeout caused connection failure: Getting http://apiv2.yangkeduo.com/operation/1294/groups?opt_type=2&size=1&offset=2&flip=&pdduid=0 took longer than 180.0 seconds.. 
20180821 173102 [EXCEPTION] http://apiv4.yangkeduo.com/operation/18/groups?opt_type=1&size=1&offset=2&flip=&pdduid=0 reason: [<twisted.python.failure.Failure twisted.internet.error.ConnectionLost: Connection to the other side was lost in a non-clean fashion.>] 
20180821 173109 [EXCEPTION] http://apiv3.yangkeduo.com/operation/1288/groups?opt_type=2&size=1&offset=2&flip=&pdduid=0 reason: [<twisted.python.failure.Failure twisted.internet.error.ConnectionLost: Connection to the other side was lost in a non-clean fashion.>] 
20180821 173152 [EXCEPTION] http://apiv4.yangkeduo.com/operation/18/groups?opt_type=1&size=1&offset=2&flip=&pdduid=0 reason: [<twisted.python.failure.Failure twisted.internet.error.ConnectionDone: Connection was closed cleanly.>] 
20180821 173231 [EXCEPTION] http://apiv4.yangkeduo.com/operation/307/groups?opt_type=2&size=1&offset=2&flip=&pdduid=0 reason: TCP connection timed out: 60: Operation timed out. 
20180821 173414 [EXCEPTION] http://apiv4.yangkeduo.com/operation/1286/groups?opt_type=2&size=1&offset=2&flip=&pdduid=0 reason: TCP connection timed out: 60: Operation timed out. 
20180821 173454 [EXCEPTION] http://apiv3.yangkeduo.com/operation/16/groups?opt_type=1&size=1&offset=2&flip=&pdduid=0 reason: [<twisted.python.failure.Failure twisted.internet.error.ConnectionLost: Connection to the other side was lost in a non-clean fashion.>] 
20180821 173456 [EXCEPTION] http://apiv3.yangkeduo.com/operation/1288/groups?opt_type=2&size=1&offset=2&flip=&pdduid=0 reason: Connection was refused by other side: 61: Connection refused. 
20180821 173518 [EXCEPTION] http://apiv3.yangkeduo.com/operation/2321/groups?opt_type=2&size=1&offset=2&flip=&pdduid=0 reason: [<twisted.python.failure.Failure twisted.internet.error.ConnectionLost: Connection to the other side was lost in a non-clean fashion.>] 
20180821 173620 [EXCEPTION] http://apiv2.yangkeduo.com/operation/683/groups?opt_type=2&size=1&offset=2&flip=&pdduid=0 reason: TCP connection timed out: 60: Operation timed out. 
20180821 173827 [EXCEPTION] http://apiv3.yangkeduo.com/operation/2321/groups?opt_type=2&size=1&offset=2&flip=&pdduid=0 reason: [<twisted.python.failure.Failure twisted.internet.error.ConnectionLost: Connection to the other side was lost in a non-clean fashion.>] 
20180821 173911 [EXCEPTION] http://apiv3.yangkeduo.com/operation/96/groups?opt_type=2&size=1&offset=2&flip=&pdduid=0 reason: TCP connection timed out: 60: Operation timed out. 
20180821 173937 [EXCEPTION] http://apiv3.yangkeduo.com/operation/96/groups?opt_type=2&size=1&offset=2&flip=&pdduid=0 reason: Connection was refused by other side: 61: Connection refused. 
20180821 174113 [EXCEPTION] http://apiv4.yangkeduo.com/operation/2642/groups?opt_type=2&size=1&offset=2&flip=&pdduid=0 reason: TCP connection timed out: 60: Operation timed out. 
20180821 174350 [EXCEPTION] http://apiv2.yangkeduo.com/operation/445/groups?opt_type=2&size=1&offset=2&flip=&pdduid=0 reason: Connection was refused by other side: 61: Connection refused. 
20180829 175656 [EXCEPTION] http://apiv3.yangkeduo.com/operation/2384/groups?opt_type=3&size=100&offset=2&flip=&pdduid=0 reason: 'NoneType' object has no attribute 'qsize' 
20180829 175707 [EXCEPTION] http://apiv3.yangkeduo.com/operation/2383/groups?opt_type=3&size=100&offset=2&flip=&pdduid=0 reason: 'NoneType' object has no attribute 'empty' 
20180829 175709 [EXCEPTION] http://apiv2.yangkeduo.com/operation/2383/groups?opt_type=3&size=100&offset=2&flip=&pdduid=0 reason: 'NoneType' object has no attribute 'empty' 
20180829 175711 [EXCEPTION] http://apiv4.yangkeduo.com/operation/2383/groups?opt_type=3&size=100&offset=2&flip=&pdduid=0 reason: 'NoneType' object has no attribute 'empty' 
20180829 175713 [EXCEPTION] http://apiv3.yangkeduo.com/operation/2384/groups?opt_type=3&size=100&offset=2&flip=&pdduid=0 reason: 'NoneType' object has no attribute 'empty' 
20180829 175715 [EXCEPTION] http://apiv4.yangkeduo.com/operation/2383/groups?opt_type=3&size=100&offset=2&flip=&pdduid=0 reason: 'NoneType' object has no attribute 'empty' 
20180829 175729 [EXCEPTION] http://apiv3.yangkeduo.com/operation/2383/groups?opt_type=3&size=100&offset=2&flip=&pdduid=0 reason: 'NoneType' object has no attribute 'empty' 
20180829 175731 [EXCEPTION] http://apiv2.yangkeduo.com/operation/2383/groups?opt_type=3&size=100&offset=2&flip=&pdduid=0 reason: 'NoneType' object has no attribute 'empty' 
20180829 175733 [EXCEPTION] http://apiv3.yangkeduo.com/operation/2383/groups?opt_type=3&size=100&offset=2&flip=&pdduid=0 reason: 'NoneType' object has no attribute 'empty' 
20180829 175735 [EXCEPTION] http://apiv3.yangkeduo.com/operation/2383/groups?opt_type=3&size=100&offset=2&flip=&pdduid=0 reason: 'NoneType' object has no attribute 'empty' 
20180829 175737 [EXCEPTION] http://apiv2.yangkeduo.com/operation/2384/groups?opt_type=3&size=100&offset=2&flip=&pdduid=0 reason: 'NoneType' object has no attribute 'empty' 
20180829 175739 [EXCEPTION] http://apiv2.yangkeduo.com/operation/2384/groups?opt_type=3&size=100&offset=2&flip=&pdduid=0 reason: 'NoneType' object has no attribute 'empty' 
20180829 175741 [EXCEPTION] http://apiv4.yangkeduo.com/operation/2383/groups?opt_type=3&size=100&offset=2&flip=&pdduid=0 reason: 'NoneType' object has no attribute 'empty' 
20180829 175743 [EXCEPTION] http://apiv4.yangkeduo.com/operation/2383/groups?opt_type=3&size=100&offset=2&flip=&pdduid=0 reason: 'NoneType' object has no attribute 'empty' 
20180829 175748 [EXCEPTION] http://apiv2.yangkeduo.com/operation/2384/groups?opt_type=3&size=100&offset=2&flip=&pdduid=0 reason: 'NoneType' object has no attribute 'empty' 
20180829 175750 [EXCEPTION] http://apiv2.yangkeduo.com/operation/2384/groups?opt_type=3&size=100&offset=2&flip=&pdduid=0 reason: 'NoneType' object has no attribute 'empty' 
20180829 175752 [EXCEPTION] http://apiv2.yangkeduo.com/operation/2384/groups?opt_type=3&size=100&offset=2&flip=&pdduid=0 reason: 'NoneType' object has no attribute 'empty' 
20180829 210641 [EXCEPTION] http://apiv3.yangkeduo.com/operation/1323/groups?opt_type=3&size=100&offset=2&flip=&pdduid=0 reason: [<twisted.python.failure.Failure twisted.internet.error.ConnectionLost: Connection to the other side was lost in a non-clean fashion: Connection lost.>] 
20180829 211029 [EXCEPTION] http://apiv2.yangkeduo.com/operation/1323/groups?opt_type=3&size=100&offset=2&flip=&pdduid=0 reason: [<twisted.python.failure.Failure twisted.internet.error.ConnectionDone: Connection was closed cleanly.>] 
20180829 211041 [EXCEPTION] http://apiv3.yangkeduo.com/operation/1323/groups?opt_type=3&size=100&offset=2&flip=&pdduid=0 reason: TCP connection timed out: 60: Operation timed out. 
20180829 211105 [EXCEPTION] http://apiv3.yangkeduo.com/operation/2384/groups?opt_type=3&size=100&offset=2&flip=&pdduid=0 reason: [<twisted.python.failure.Failure twisted.internet.error.ConnectionDone: Connection was closed cleanly.>] 
20180829 211110 [EXCEPTION] http://apiv3.yangkeduo.com/operation/1326/groups?opt_type=3&size=100&offset=2&flip=&pdduid=0 reason: [<twisted.python.failure.Failure twisted.internet.error.ConnectionDone: Connection was closed cleanly.>] 
20180829 211142 [EXCEPTION] http://apiv2.yangkeduo.com/operation/1323/groups?opt_type=3&size=100&offset=2&flip=&pdduid=0 reason: [<twisted.python.failure.Failure twisted.internet.error.ConnectionDone: Connection was closed cleanly.>] 
20180829 211241 [EXCEPTION] http://apiv2.yangkeduo.com/operation/2679/groups?opt_type=3&size=100&offset=2&flip=&pdduid=0 reason: [<twisted.python.failure.Failure twisted.internet.error.ConnectionDone: Connection was closed cleanly.>] 
20180829 211259 [EXCEPTION] http://apiv2.yangkeduo.com/operation/1323/groups?opt_type=3&size=100&offset=2&flip=&pdduid=0 reason: [<twisted.python.failure.Failure twisted.internet.error.ConnectionDone: Connection was closed cleanly.>] 
20180829 211318 [EXCEPTION] http://apiv3.yangkeduo.com/operation/2384/groups?opt_type=3&size=100&offset=2&flip=&pdduid=0 reason: [<twisted.python.failure.Failure twisted.internet.error.ConnectionDone: Connection was closed cleanly.>] 
20180829 211328 [EXCEPTION] http://apiv4.yangkeduo.com/operation/1324/groups?opt_type=3&size=100&offset=2&flip=&pdduid=0 reason: TCP connection timed out: 60: Operation timed out. 
20180829 211351 [EXCEPTION] http://apiv4.yangkeduo.com/operation/2680/groups?opt_type=3&size=100&offset=2&flip=&pdduid=0 reason: TCP connection timed out: 60: Operation timed out. 
20180829 211404 [EXCEPTION] http://apiv4.yangkeduo.com/operation/2679/groups?opt_type=3&size=100&offset=2&flip=&pdduid=0 reason: [<twisted.python.failure.Failure twisted.internet.error.ConnectionDone: Connection was closed cleanly.>] 
20180829 211430 [EXCEPTION] http://apiv2.yangkeduo.com/operation/2679/groups?opt_type=3&size=100&offset=2&flip=&pdduid=0 reason: [<twisted.python.failure.Failure twisted.internet.error.ConnectionLost: Connection to the other side was lost in a non-clean fashion.>] 
20180829 211450 [EXCEPTION] http://apiv2.yangkeduo.com/operation/1323/groups?opt_type=3&size=100&offset=2&flip=&pdduid=0 reason: [<twisted.python.failure.Failure twisted.internet.error.ConnectionDone: Connection was closed cleanly.>] 
20180829 211504 [EXCEPTION] http://apiv4.yangkeduo.com/operation/1324/groups?opt_type=3&size=100&offset=2&flip=&pdduid=0 reason: TCP connection timed out: 60: Operation timed out. 
20180829 211516 [EXCEPTION] http://apiv3.yangkeduo.com/operation/2383/groups?opt_type=3&size=100&offset=2&flip=&pdduid=0 reason: User timeout caused connection failure: Getting http://apiv3.yangkeduo.com/operation/2383/groups?opt_type=3&size=100&offset=2&flip=&pdduid=0 took longer than 180.0 seconds.. 
20180829 211520 [EXCEPTION] http://apiv3.yangkeduo.com/operation/2384/groups?opt_type=3&size=100&offset=2&flip=&pdduid=0 reason: TCP connection timed out: 60: Operation timed out. 
20180829 211522 [EXCEPTION] http://apiv4.yangkeduo.com/operation/2679/groups?opt_type=3&size=100&offset=2&flip=&pdduid=0 reason: [<twisted.python.failure.Failure twisted.internet.error.ConnectionDone: Connection was closed cleanly.>] 
20180829 211535 [EXCEPTION] http://apiv2.yangkeduo.com/operation/2679/groups?opt_type=3&size=100&offset=2&flip=&pdduid=0 reason: [<twisted.python.failure.Failure twisted.internet.error.ConnectionLost: Connection to the other side was lost in a non-clean fashion.>] 
20180829 211538 [EXCEPTION] http://apiv4.yangkeduo.com/operation/1324/groups?opt_type=3&size=100&offset=2&flip=&pdduid=0 reason: User timeout caused connection failure: Getting http://apiv4.yangkeduo.com/operation/1324/groups?opt_type=3&size=100&offset=2&flip=&pdduid=0 took longer than 180.0 seconds.. 
20180829 211635 [EXCEPTION] http://apiv2.yangkeduo.com/operation/1326/groups?opt_type=3&size=100&offset=2&flip=&pdduid=0 reason: [<twisted.python.failure.Failure twisted.internet.error.ConnectionDone: Connection was closed cleanly.>] 
20180829 211653 [EXCEPTION] http://apiv4.yangkeduo.com/operation/1794/groups?opt_type=3&size=100&offset=2&flip=&pdduid=0 reason: User timeout caused connection failure: Getting http://apiv4.yangkeduo.com/operation/1794/groups?opt_type=3&size=100&offset=2&flip=&pdduid=0 took longer than 180.0 seconds.. 
20180829 211710 [EXCEPTION] http://apiv3.yangkeduo.com/operation/2383/groups?opt_type=3&size=100&offset=2&flip=&pdduid=0 reason: An error occurred while connecting: 54: Connection reset by peer. 
20180829 211726 [EXCEPTION] http://apiv4.yangkeduo.com/operation/2679/groups?opt_type=3&size=100&offset=2&flip=&pdduid=0 reason: [<twisted.python.failure.Failure twisted.internet.error.ConnectionDone: Connection was closed cleanly.>] 
20180829 211733 [EXCEPTION] http://apiv2.yangkeduo.com/operation/2679/groups?opt_type=3&size=100&offset=2&flip=&pdduid=0 reason: [<twisted.python.failure.Failure twisted.internet.error.ConnectionDone: Connection was closed cleanly.>] 
20180829 211759 [EXCEPTION] http://apiv4.yangkeduo.com/operation/2679/groups?opt_type=3&size=100&offset=2&flip=&pdduid=0 reason: [<twisted.python.failure.Failure twisted.internet.error.ConnectionDone: Connection was closed cleanly.>] 
20180829 211801 [EXCEPTION] http://apiv2.yangkeduo.com/operation/1323/groups?opt_type=3&size=100&offset=2&flip=&pdduid=0 reason: [<twisted.python.failure.Failure twisted.internet.error.ConnectionLost: Connection to the other side was lost in a non-clean fashion.>] 
20180829 211851 [EXCEPTION] http://apiv2.yangkeduo.com/operation/1323/groups?opt_type=3&size=100&offset=2&flip=&pdduid=0 reason: [<twisted.python.failure.Failure twisted.internet.error.ConnectionDone: Connection was closed cleanly.>] 
20180829 211938 [EXCEPTION] http://apiv2.yangkeduo.com/operation/1323/groups?opt_type=3&size=100&offset=2&flip=&pdduid=0 reason: [<twisted.python.failure.Failure twisted.internet.error.ConnectionDone: Connection was closed cleanly.>] 
20180829 211942 [EXCEPTION] http://apiv2.yangkeduo.com/operation/2679/groups?opt_type=3&size=100&offset=2&flip=&pdduid=0 reason: [<twisted.python.failure.Failure twisted.internet.error.ConnectionDone: Connection was closed cleanly.>] 
20180829 211945 [EXCEPTION] http://apiv4.yangkeduo.com/operation/1324/groups?opt_type=3&size=100&offset=2&flip=&pdduid=0 reason: User timeout caused connection failure: Getting http://apiv4.yangkeduo.com/operation/1324/groups?opt_type=3&size=100&offset=2&flip=&pdduid=0 took longer than 180.0 seconds.. 
20180829 211949 [EXCEPTION] http://apiv3.yangkeduo.com/operation/2680/groups?opt_type=3&size=100&offset=2&flip=&pdduid=0 reason: [<twisted.python.failure.Failure twisted.internet.error.ConnectionDone: Connection was closed cleanly.>] 
20180829 211954 [EXCEPTION] http://apiv4.yangkeduo.com/operation/1324/groups?opt_type=3&size=100&offset=2&flip=&pdduid=0 reason: [<twisted.python.failure.Failure twisted.internet.error.ConnectionDone: Connection was closed cleanly.>] 
20180829 211956 [EXCEPTION] http://apiv3.yangkeduo.com/operation/2641/groups?opt_type=3&size=100&offset=2&flip=&pdduid=0 reason: [<twisted.python.failure.Failure twisted.internet.error.ConnectionLost: Connection to the other side was lost in a non-clean fashion.>] 
20180829 212022 [EXCEPTION] http://apiv3.yangkeduo.com/operation/2640/groups?opt_type=3&size=100&offset=2&flip=&pdduid=0 reason: [<twisted.python.failure.Failure twisted.internet.error.ConnectionDone: Connection was closed cleanly.>] 
20180829 212035 [EXCEPTION] http://apiv4.yangkeduo.com/operation/2679/groups?opt_type=3&size=100&offset=2&flip=&pdduid=0 reason: TCP connection timed out: 60: Operation timed out. 
20180829 212149 [EXCEPTION] http://apiv3.yangkeduo.com/operation/2680/groups?opt_type=3&size=100&offset=2&flip=&pdduid=0 reason: [<twisted.python.failure.Failure twisted.internet.error.ConnectionLost: Connection to the other side was lost in a non-clean fashion.>] 
20180829 212158 [EXCEPTION] http://apiv3.yangkeduo.com/operation/1324/groups?opt_type=3&size=100&offset=2&flip=&pdduid=0 reason: [<twisted.python.failure.Failure twisted.internet.error.ConnectionLost: Connection to the other side was lost in a non-clean fashion.>] 
20180829 212204 [EXCEPTION] http://apiv2.yangkeduo.com/operation/1323/groups?opt_type=3&size=100&offset=2&flip=&pdduid=0 reason: TCP connection timed out: 60: Operation timed out. 
20180829 212206 [EXCEPTION] http://apiv3.yangkeduo.com/operation/2640/groups?opt_type=3&size=100&offset=2&flip=&pdduid=0 reason: [<twisted.python.failure.Failure twisted.internet.error.ConnectionDone: Connection was closed cleanly.>] 
20180829 212213 [EXCEPTION] http://apiv3.yangkeduo.com/operation/2640/groups?opt_type=3&size=100&offset=2&flip=&pdduid=0 reason: TCP connection timed out: 60: Operation timed out. 
20180829 212246 [EXCEPTION] http://apiv2.yangkeduo.com/operation/2640/groups?opt_type=3&size=100&offset=2&flip=&pdduid=0 reason: User timeout caused connection failure: Getting http://apiv2.yangkeduo.com/operation/2640/groups?opt_type=3&size=100&offset=2&flip=&pdduid=0 took longer than 180.0 seconds.. 
20180829 212319 [EXCEPTION] http://apiv3.yangkeduo.com/operation/2641/groups?opt_type=3&size=100&offset=2&flip=&pdduid=0 reason: [<twisted.python.failure.Failure twisted.internet.error.ConnectionLost: Connection to the other side was lost in a non-clean fashion.>] 
20180829 212321 [EXCEPTION] http://apiv4.yangkeduo.com/operation/2649/groups?opt_type=3&size=100&offset=2&flip=&pdduid=0 reason: [<twisted.python.failure.Failure twisted.internet.error.ConnectionDone: Connection was closed cleanly.>] 
20180829 212323 [EXCEPTION] http://apiv3.yangkeduo.com/operation/2640/groups?opt_type=3&size=100&offset=2&flip=&pdduid=0 reason: [<twisted.python.failure.Failure twisted.internet.error.ConnectionLost: Connection to the other side was lost in a non-clean fashion.>] 
20180829 212336 [EXCEPTION] http://apiv4.yangkeduo.com/operation/1324/groups?opt_type=3&size=100&offset=2&flip=&pdduid=0 reason: User timeout caused connection failure: Getting http://apiv4.yangkeduo.com/operation/1324/groups?opt_type=3&size=100&offset=2&flip=&pdduid=0 took longer than 180.0 seconds.. 
20180829 212339 [EXCEPTION] http://apiv3.yangkeduo.com/operation/2647/groups?opt_type=3&size=100&offset=2&flip=&pdduid=0 reason: User timeout caused connection failure: Getting http://apiv3.yangkeduo.com/operation/2647/groups?opt_type=3&size=100&offset=2&flip=&pdduid=0 took longer than 180.0 seconds.. 
20180829 212341 [EXCEPTION] http://apiv2.yangkeduo.com/operation/1323/groups?opt_type=3&size=100&offset=2&flip=&pdduid=0 reason: [<twisted.python.failure.Failure twisted.internet.error.ConnectionDone: Connection was closed cleanly.>] 
20180829 212343 [EXCEPTION] http://apiv2.yangkeduo.com/operation/2640/groups?opt_type=3&size=100&offset=2&flip=&pdduid=0 reason: [<twisted.python.failure.Failure twisted.internet.error.ConnectionDone: Connection was closed cleanly.>] 
20180829 212402 [EXCEPTION] http://apiv4.yangkeduo.com/operation/1324/groups?opt_type=3&size=100&offset=2&flip=&pdduid=0 reason: [<twisted.python.failure.Failure twisted.internet.error.ConnectionDone: Connection was closed cleanly.>] 
20180829 212424 [EXCEPTION] http://apiv3.yangkeduo.com/operation/2640/groups?opt_type=3&size=100&offset=2&flip=&pdduid=0 reason: An error occurred while connecting: 54: Connection reset by peer. 
20180829 212427 [EXCEPTION] http://apiv2.yangkeduo.com/operation/2679/groups?opt_type=3&size=100&offset=2&flip=&pdduid=0 reason: [<twisted.python.failure.Failure twisted.internet.error.ConnectionDone: Connection was closed cleanly.>] 
20180829 212435 [EXCEPTION] http://apiv3.yangkeduo.com/operation/2640/groups?opt_type=3&size=100&offset=2&flip=&pdduid=0 reason: TCP connection timed out: 60: Operation timed out. 
20180829 212502 [EXCEPTION] http://apiv2.yangkeduo.com/operation/2640/groups?opt_type=3&size=100&offset=2&flip=&pdduid=0 reason: [<twisted.python.failure.Failure twisted.internet.error.ConnectionDone: Connection was closed cleanly.>] 
20180829 212542 [EXCEPTION] http://apiv3.yangkeduo.com/operation/1793/groups?opt_type=3&size=100&offset=2&flip=&pdduid=0 reason: User timeout caused connection failure: Getting http://apiv3.yangkeduo.com/operation/1793/groups?opt_type=3&size=100&offset=2&flip=&pdduid=0 took longer than 180.0 seconds.. 
20180829 212544 [EXCEPTION] http://apiv2.yangkeduo.com/operation/2640/groups?opt_type=3&size=100&offset=2&flip=&pdduid=0 reason: [<twisted.python.failure.Failure twisted.internet.error.ConnectionLost: Connection to the other side was lost in a non-clean fashion.>] 
20180829 212638 [EXCEPTION] http://apiv3.yangkeduo.com/operation/1324/groups?opt_type=3&size=100&offset=2&flip=&pdduid=0 reason: [<twisted.python.failure.Failure twisted.internet.error.ConnectionDone: Connection was closed cleanly.>] 
20180829 212647 [EXCEPTION] http://apiv2.yangkeduo.com/operation/2640/groups?opt_type=3&size=100&offset=2&flip=&pdduid=0 reason: [<twisted.python.failure.Failure twisted.internet.error.ConnectionDone: Connection was closed cleanly.>] 
20180829 212748 [EXCEPTION] http://apiv3.yangkeduo.com/operation/2641/groups?opt_type=3&size=100&offset=2&flip=&pdduid=0 reason: [<twisted.python.failure.Failure twisted.internet.error.ConnectionLost: Connection to the other side was lost in a non-clean fashion.>] 
20180829 212800 [EXCEPTION] http://apiv4.yangkeduo.com/operation/2650/groups?opt_type=3&size=100&offset=2&flip=&pdduid=0 reason: User timeout caused connection failure: Getting http://apiv4.yangkeduo.com/operation/2650/groups?opt_type=3&size=100&offset=2&flip=&pdduid=0 took longer than 180.0 seconds.. 
20180829 212817 [EXCEPTION] http://apiv4.yangkeduo.com/operation/1311/groups?opt_type=3&size=100&offset=2&flip=&pdduid=0 reason: [<twisted.python.failure.Failure twisted.internet.error.ConnectionLost: Connection to the other side was lost in a non-clean fashion.>] 
20180829 212846 [EXCEPTION] http://apiv3.yangkeduo.com/operation/1793/groups?opt_type=3&size=100&offset=2&flip=&pdduid=0 reason: TCP connection timed out: 60: Operation timed out. 
20180829 213002 [EXCEPTION] http://apiv3.yangkeduo.com/operation/2640/groups?opt_type=3&size=100&offset=2&flip=&pdduid=0 reason: TCP connection timed out: 60: Operation timed out. 
20180829 213017 [EXCEPTION] http://apiv4.yangkeduo.com/operation/1313/groups?opt_type=3&size=100&offset=2&flip=&pdduid=0 reason: User timeout caused connection failure: Getting http://apiv4.yangkeduo.com/operation/1313/groups?opt_type=3&size=100&offset=2&flip=&pdduid=0 took longer than 180.0 seconds.. 
20180829 213026 [EXCEPTION] http://apiv3.yangkeduo.com/operation/1310/groups?opt_type=3&size=100&offset=2&flip=&pdduid=0 reason: [<twisted.python.failure.Failure twisted.internet.error.ConnectionDone: Connection was closed cleanly.>] 
20180829 213029 [EXCEPTION] http://apiv4.yangkeduo.com/operation/1312/groups?opt_type=3&size=100&offset=2&flip=&pdduid=0 reason: [<twisted.python.failure.Failure twisted.internet.error.ConnectionDone: Connection was closed cleanly.>] 
20180829 213031 [EXCEPTION] http://apiv3.yangkeduo.com/operation/1310/groups?opt_type=3&size=100&offset=2&flip=&pdduid=0 reason: [<twisted.python.failure.Failure twisted.internet.error.ConnectionDone: Connection was closed cleanly.>] 
20180829 213115 [EXCEPTION] http://apiv3.yangkeduo.com/operation/2641/groups?opt_type=3&size=100&offset=2&flip=&pdduid=0 reason: [<twisted.python.failure.Failure twisted.internet.error.ConnectionLost: Connection to the other side was lost in a non-clean fashion.>] 
20180829 213310 [EXCEPTION] http://apiv2.yangkeduo.com/operation/1312/groups?opt_type=3&size=100&offset=2&flip=&pdduid=0 reason: [<twisted.python.failure.Failure twisted.internet.error.ConnectionDone: Connection was closed cleanly.>] 
20180829 213314 [EXCEPTION] http://apiv3.yangkeduo.com/operation/1310/groups?opt_type=3&size=100&offset=2&flip=&pdduid=0 reason: TCP connection timed out: 60: Operation timed out. 
